0 silly argv {
0 silly argv   _: [ 'run' ],
0 silly argv   lernaVersion: '8.1.2',
0 silly argv   '$0': 'node_modules/.bin/lerna',
0 silly argv   script: 'dev'
0 silly argv }
1 notice cli v8.1.2
2 verbose packageConfigs Explicit "packages" configuration found in lerna.json. Resolving packages using the configured glob(s): ["packages/*"]
3 verbose rootPath /home/maple/repos-wsl/ducky-coding
4 error Error: Unable to create nodes for package-lock.json using plugin nx/js/dependencies-and-lockfile.
4 error
4 error 	 Inner Error: SyntaxError: Expected double-quoted property name in JSON at position 63479 (line 1739 column 1)
4 error     at JSON.parse (<anonymous>)
4 error     at parsePackageLockFile (/home/maple/repos-wsl/ducky-coding/node_modules/nx/src/plugins/js/lock-file/npm-parser.js:20:26)
4 error     at getNpmLockfileNodes (/home/maple/repos-wsl/ducky-coding/node_modules/nx/src/plugins/js/lock-file/npm-parser.js:26:18)
4 error     at getLockFileNodes (/home/maple/repos-wsl/ducky-coding/node_modules/nx/src/plugins/js/lock-file/lock-file.js:39:57)
4 error     at exports.createNodes (/home/maple/repos-wsl/ducky-coding/node_modules/nx/src/plugins/js/index.js:42:64)
4 error     at buildProjectsConfigurationsFromProjectPathsAndPlugins (/home/maple/repos-wsl/ducky-coding/node_modules/nx/src/project-graph/utils/project-configuration-utils.js:148:29)
4 error     at createProjectConfigurations (/home/maple/repos-wsl/ducky-coding/node_modules/nx/src/project-graph/utils/retrieve-workspace-files.js:89:156)
4 error     at _retrieveProjectConfigurations (/home/maple/repos-wsl/ducky-coding/node_modules/nx/src/project-graph/utils/retrieve-workspace-files.js:61:12)
4 error     at retrieveProjectConfigurations (/home/maple/repos-wsl/ducky-coding/node_modules/nx/src/project-graph/utils/retrieve-workspace-files.js:46:12)
4 error     at process.processTicksAndRejections (node:internal/process/task_queues:95:5)
4 error     at buildProjectsConfigurationsFromProjectPathsAndPlugins (/home/maple/repos-wsl/ducky-coding/node_modules/nx/src/project-graph/utils/project-configuration-utils.js:175:27)
4 error     at createProjectConfigurations (/home/maple/repos-wsl/ducky-coding/node_modules/nx/src/project-graph/utils/retrieve-workspace-files.js:89:156)
4 error     at _retrieveProjectConfigurations (/home/maple/repos-wsl/ducky-coding/node_modules/nx/src/project-graph/utils/retrieve-workspace-files.js:61:12)
4 error     at retrieveProjectConfigurations (/home/maple/repos-wsl/ducky-coding/node_modules/nx/src/project-graph/utils/retrieve-workspace-files.js:46:12)
4 error     at process.processTicksAndRejections (node:internal/process/task_queues:95:5)
4 error     at async processFilesAndCreateAndSerializeProjectGraph (/home/maple/repos-wsl/ducky-coding/node_modules/nx/src/daemon/server/project-graph-incremental-recomputation.js:140:28)
4 error     at async getCachedSerializedProjectGraphPromise (/home/maple/repos-wsl/ducky-coding/node_modules/nx/src/daemon/server/project-graph-incremental-recomputation.js:43:16)
4 error     at async handleRequestProjectGraph (/home/maple/repos-wsl/ducky-coding/node_modules/nx/src/daemon/server/handle-request-project-graph.js:12:24)
4 error     at async handleResult (/home/maple/repos-wsl/ducky-coding/node_modules/nx/src/daemon/server/server.js:110:16)
